<?xml version="1.0" encoding="UTF-8"?>
<!-- Generated by org.testng.reporters.JUnitReportReporter -->
<testsuite hostname="DESKTOP-LH21CD2" failures="0" tests="1" name="Testcases.VerifyFlight" time="99.551" errors="0" timestamp="2023-02-17T23:59:01 IST" skipped="0">
  <testcase classname="Testcases.VerifyFlight" name="flight" time="99.551"/>
  <system-out/>
</testsuite> <!-- Testcases.VerifyFlight -->
