<?xml version="1.0" encoding="UTF-8"?>
<!-- Generated by org.testng.reporters.JUnitReportReporter -->
<testsuite hostname="DESKTOP-LH21CD2" failures="0" tests="1" name="Testcases.VerifyFlight" time="79.518" errors="0" timestamp="2023-02-16T14:39:19 IST" skipped="0">
  <testcase classname="Testcases.VerifyFlight" name="flight" time="79.518"/>
  <system-out/>
</testsuite> <!-- Testcases.VerifyFlight -->
